2024-02-04 11:49:02 [main] DEBUG o.a.j.r.s.stream.JenaIOEnvironment - createLocationMapper: Failed to find configuration: location-mapping.ttl;location-mapping.rdf;etc/location-mapping.rdf;etc/location-mapping.ttl
2024-02-04 11:49:03 [main] WARN  o.a.jena.graph.impl.LiteralLabelImpl - setWithNewDatatypeForValueClass: inventing a datatype for class java.time.LocalDate
2024-02-04 11:49:26 [main] DEBUG o.a.j.r.s.stream.JenaIOEnvironment - createLocationMapper: Failed to find configuration: location-mapping.ttl;location-mapping.rdf;etc/location-mapping.rdf;etc/location-mapping.ttl
2024-02-04 11:49:27 [main] WARN  o.a.jena.graph.impl.LiteralLabelImpl - setWithNewDatatypeForValueClass: inventing a datatype for class java.time.LocalDate
2024-02-04 12:02:00 [main] DEBUG o.a.j.r.s.stream.JenaIOEnvironment - createLocationMapper: Failed to find configuration: location-mapping.ttl;location-mapping.rdf;etc/location-mapping.rdf;etc/location-mapping.ttl
2024-02-04 12:04:28 [main] DEBUG o.a.j.r.s.stream.JenaIOEnvironment - createLocationMapper: Failed to find configuration: location-mapping.ttl;location-mapping.rdf;etc/location-mapping.rdf;etc/location-mapping.ttl
2024-02-04 12:08:15 [main] DEBUG o.a.j.r.s.stream.JenaIOEnvironment - createLocationMapper: Failed to find configuration: location-mapping.ttl;location-mapping.rdf;etc/location-mapping.rdf;etc/location-mapping.ttl
2024-02-04 12:08:16 [main] DEBUG o.a.j.r.system.stream.StreamManager - mapURI: Not mapped: src/main/resources/owlDemoSchema.ttl
2024-02-04 12:09:28 [main] DEBUG o.a.j.r.s.stream.JenaIOEnvironment - createLocationMapper: Failed to find configuration: location-mapping.ttl;location-mapping.rdf;etc/location-mapping.rdf;etc/location-mapping.ttl
2024-02-04 12:09:29 [main] DEBUG o.a.j.r.system.stream.StreamManager - mapURI: Not mapped: src/main/resources/owlDemoSchema.ttl
2024-02-04 12:09:29 [main] DEBUG o.a.j.r.system.stream.StreamManager - openNoMapOrNull: Found: src/main/resources/owlDemoSchema.ttl (LocatorFile)
2024-02-04 12:09:29 [main] DEBUG o.a.j.r.system.stream.StreamManager - mapURI: Not mapped: src/main/resources/owlDemoData.ttl
2024-02-04 12:09:29 [main] DEBUG o.a.j.r.system.stream.StreamManager - openNoMapOrNull: Found: src/main/resources/owlDemoData.ttl (LocatorFile)
2024-02-04 12:09:29 [main] DEBUG o.a.j.r.rulesys.FBRuleInfGraph - addBRule: Adding rule [ (?a rdf:type xsd:integer) -> (?a rdf:type xsd:decimal) ]
2024-02-04 12:09:29 [main] DEBUG o.a.j.r.rulesys.FBRuleInfGraph - addBRule: Adding rule [ (?x owl:intersectionOf ?y) -> (?x rdf:type owl:Class) ]
2024-02-04 12:09:29 [main] DEBUG o.a.j.r.rulesys.FBRuleInfGraph - addBRule: Adding rule [ (?a rdf:type owl:Class) -> (?a rdf:type rdfs:Resource) ]
2024-02-04 12:09:29 [main] DEBUG o.a.j.r.rulesys.FBRuleInfGraph - addBRule: Adding rule [ symmetricProperty1b: (?Y owl:disjointWith ?X) -> (?X owl:disjointWith ?Y) ]
2024-02-04 12:09:29 [main] DEBUG o.a.j.r.rulesys.FBRuleInfGraph - addBRule: Adding rule [ symmetricProperty1b: (?Y owl:differentFrom ?X) -> (?X owl:differentFrom ?Y) ]
2024-02-04 12:09:29 [main] DEBUG o.a.j.r.rulesys.FBRuleInfGraph - addBRule: Adding rule [ (?x owl:incompatibleWith ?y) notFunctor(?y) -> (?y rdf:type owl:Ontology) ]
2024-02-04 12:09:29 [main] DEBUG o.a.j.r.rulesys.FBRuleInfGraph - addBRule: Adding rule [ (?a rdf:type owl:Ontology) -> (?a rdf:type rdfs:Resource) ]
2024-02-04 12:09:29 [main] DEBUG o.a.j.r.rulesys.FBRuleInfGraph - addBRule: Adding rule [ (?x owl:incompatibleWith ?y) -> (?x rdf:type owl:Ontology) ]
2024-02-04 12:09:29 [main] DEBUG o.a.j.r.rulesys.FBRuleInfGraph - addBRule: Adding rule [ (?x owl:backwardCompatibleWith ?y) notFunctor(?y) -> (?y rdf:type owl:Ontology) ]
2024-02-04 12:09:29 [main] DEBUG o.a.j.r.rulesys.FBRuleInfGraph - addBRule: Adding rule [ (?x owl:backwardCompatibleWith ?y) -> (?x rdf:type owl:Ontology) ]
2024-02-04 12:09:29 [main] DEBUG o.a.j.r.rulesys.FBRuleInfGraph - addBRule: Adding rule [ (?x owl:priorVersion ?y) notFunctor(?y) -> (?y rdf:type owl:Ontology) ]
2024-02-04 12:09:29 [main] DEBUG o.a.j.r.rulesys.FBRuleInfGraph - addBRule: Adding rule [ (?x owl:priorVersion ?y) -> (?x rdf:type owl:Ontology) ]
2024-02-04 12:09:29 [main] DEBUG o.a.j.r.rulesys.FBRuleInfGraph - addBRule: Adding rule [ (?x owl:imports ?y) notFunctor(?y) -> (?y rdf:type owl:Ontology) ]
2024-02-04 12:09:29 [main] DEBUG o.a.j.r.rulesys.FBRuleInfGraph - addBRule: Adding rule [ (?x owl:imports ?y) -> (?x rdf:type owl:Ontology) ]
2024-02-04 12:09:29 [main] DEBUG o.a.j.r.rulesys.FBRuleInfGraph - addBRule: Adding rule [ (?a rdf:type owl:OntologyProperty) -> (?a rdf:type rdf:Property) ]
2024-02-04 12:09:29 [main] DEBUG o.a.j.r.rulesys.FBRuleInfGraph - addBRule: Adding rule [ (?x owl:onProperty ?y) notFunctor(?y) -> (?y rdf:type owl:Property) ]
2024-02-04 12:09:29 [main] DEBUG o.a.j.r.rulesys.FBRuleInfGraph - addBRule: Adding rule [ (?a rdf:type owl:Property) -> (?a rdf:type rdfs:Resource) ]
2024-02-04 12:09:29 [main] DEBUG o.a.j.r.rulesys.FBRuleInfGraph - addBRule: Adding rule [ (?x owl:onProperty ?y) -> (?x rdf:type owl:Restriction) ]
2024-02-04 12:09:29 [main] DEBUG o.a.j.r.rulesys.FBRuleInfGraph - addBRule: Adding rule [ (?a rdf:type owl:Restriction) -> (?a rdf:type rdfs:Resource) ]
2024-02-04 12:09:29 [main] DEBUG o.a.j.r.rulesys.FBRuleInfGraph - addBRule: Adding rule [ symmetricProperty1b: (?Y owl:sameAs ?X) -> (?X owl:sameAs ?Y) ]
2024-02-04 12:09:29 [main] DEBUG o.a.j.r.rulesys.FBRuleInfGraph - addBRule: Adding rule [ (?x owl:disjointWith ?y) notFunctor(?y) -> (?y rdf:type owl:Class) ]
2024-02-04 12:09:29 [main] DEBUG o.a.j.r.rulesys.FBRuleInfGraph - addBRule: Adding rule [ (?x owl:disjointWith ?y) -> (?x rdf:type owl:Class) ]
2024-02-04 12:09:29 [main] DEBUG o.a.j.r.rulesys.FBRuleInfGraph - addBRule: Adding rule [ (?x owl:equivalentClass ?y) notFunctor(?y) -> (?y rdf:type owl:Class) ]
2024-02-04 12:09:29 [main] DEBUG o.a.j.r.rulesys.FBRuleInfGraph - addBRule: Adding rule [ (?x owl:equivalentClass ?y) -> (?x rdf:type owl:Class) ]
2024-02-04 12:09:29 [main] DEBUG o.a.j.r.rulesys.FBRuleInfGraph - addBRule: Adding rule [ (?a rdf:type owl:Nothing) -> (?a rdf:type rdfs:Resource) ]
2024-02-04 12:09:29 [main] DEBUG o.a.j.r.rulesys.FBRuleInfGraph - addBRule: Adding rule [ (?a rdf:type owl:Nothing) -> (?a rdf:type owl:Thing) ]
2024-02-04 12:09:29 [main] DEBUG o.a.j.r.rulesys.FBRuleInfGraph - addBRule: Adding rule [ prototype2b: (8997e979-f03b-4791-8671-8b734c051ccc rdf:type ?d) -> (owl:Thing rdfs:subClassOf ?d) ]
2024-02-04 12:09:29 [main] DEBUG o.a.j.r.rulesys.FBRuleInfGraph - addBRule: Adding rule [ (?a rdf:type owl:Thing) -> (?a rdf:type rdfs:Resource) ]
2024-02-04 12:09:29 [main] DEBUG o.a.j.r.rulesys.FBRuleInfGraph - addBRule: Adding rule [ (?a rdf:type owl:Restriction) -> (?a rdf:type owl:Class) ]
2024-02-04 12:09:29 [main] DEBUG o.a.j.r.rulesys.FBRuleInfGraph - addBRule: Adding rule [ (?a rdf:type owl:Class) -> (?a rdf:type rdfs:Class) ]
2024-02-04 12:09:29 [main] DEBUG o.a.j.r.rulesys.FBRuleInfGraph - addBRule: Adding rule [ (?x owl:oneOf ?y) -> (?x rdf:type owl:Class) ]
2024-02-04 12:09:29 [main] DEBUG o.a.j.r.rulesys.FBRuleInfGraph - addBRule: Adding rule [ (?a rdf:type owl:SymmetricProperty) -> (?a rdf:type owl:ObjectProperty) ]
2024-02-04 12:09:29 [main] DEBUG o.a.j.r.rulesys.FBRuleInfGraph - addBRule: Adding rule [ (?a rdf:type owl:TransitiveProperty) -> (?a rdf:type owl:ObjectProperty) ]
2024-02-04 12:09:29 [main] DEBUG o.a.j.r.rulesys.FBRuleInfGraph - addBRule: Adding rule [ (?a rdf:type owl:InverseFunctionalProperty) -> (?a rdf:type owl:ObjectProperty) ]
2024-02-04 12:09:29 [main] DEBUG o.a.j.r.rulesys.FBRuleInfGraph - addBRule: Adding rule [ (?a rdf:type owl:DatatypeProperty) -> (?a rdf:type rdf:Property) ]
2024-02-04 12:09:29 [main] DEBUG o.a.j.r.rulesys.FBRuleInfGraph - addBRule: Adding rule [ (?a rdf:type owl:ObjectProperty) -> (?a rdf:type rdf:Property) ]
2024-02-04 12:09:29 [main] DEBUG o.a.j.r.rulesys.FBRuleInfGraph - addBRule: Adding rule [ (?a rdf:type owl:FunctionalProperty) -> (?a rdf:type rdf:Property) ]
2024-02-04 12:09:29 [main] DEBUG o.a.j.r.rulesys.FBRuleInfGraph - addBRule: Adding rule [ (?a rdf:type rdfs:Datatype) -> (?a rdf:type rdfs:Class) ]
2024-02-04 12:09:29 [main] DEBUG o.a.j.r.rulesys.FBRuleInfGraph - addBRule: Adding rule [ (?a rdfs:isDefinedBy ?b) -> (?a rdfs:seeAlso ?b) ]
2024-02-04 12:09:29 [main] DEBUG o.a.j.r.rulesys.FBRuleInfGraph - addBRule: Adding rule [ (?a rdf:type rdfs:ContainerMembershipProperty) -> (?a rdf:type rdf:Property) ]
2024-02-04 12:09:29 [main] DEBUG o.a.j.r.rulesys.FBRuleInfGraph - addBRule: Adding rule [ (?a rdf:type rdf:Seq) -> (?a rdf:type rdfs:Container) ]
2024-02-04 12:09:29 [main] DEBUG o.a.j.r.rulesys.FBRuleInfGraph - addBRule: Adding rule [ (?a rdf:type rdf:Bag) -> (?a rdf:type rdfs:Container) ]
2024-02-04 12:09:29 [main] DEBUG o.a.j.r.rulesys.FBRuleInfGraph - addBRule: Adding rule [ (?a rdf:type rdf:Alt) -> (?a rdf:type rdfs:Container) ]
2024-02-04 12:09:29 [main] DEBUG o.a.j.r.rulesys.FBRuleInfGraph - addBRule: Adding rule [ (?x rdf:rest ?y) notFunctor(?y) -> (?y rdf:type rdf:List) ]
2024-02-04 12:09:29 [main] DEBUG o.a.j.r.rulesys.FBRuleInfGraph - addBRule: Adding rule [ (?a rdf:type rdf:List) -> (?a rdf:type rdfs:Resource) ]
2024-02-04 12:09:29 [main] DEBUG o.a.j.r.rulesys.FBRuleInfGraph - addBRule: Adding rule [ (?x rdfs:range ?y) notFunctor(?y) -> (?y rdf:type rdfs:Class) ]
2024-02-04 12:09:29 [main] DEBUG o.a.j.r.rulesys.FBRuleInfGraph - addBRule: Adding rule [ (?a rdf:type rdfs:Class) -> (?a rdf:type rdfs:Resource) ]
2024-02-04 12:09:29 [main] DEBUG o.a.j.r.rulesys.FBRuleInfGraph - addBRule: Adding rule [ (?x rdfs:domain ?y) notFunctor(?y) -> (?y rdf:type rdfs:Class) ]
2024-02-04 12:09:29 [main] DEBUG o.a.j.r.rulesys.FBRuleInfGraph - addBRule: Adding rule [ (?x rdfs:subClassOf ?y) notFunctor(?y) -> (?y rdf:type rdfs:Class) ]
2024-02-04 12:09:29 [main] DEBUG o.a.j.r.rulesys.FBRuleInfGraph - addBRule: Adding rule [ (?x rdfs:subPropertyOf ?y) notFunctor(?y) -> (?y rdf:type rdf:Property) ]
2024-02-04 12:09:29 [main] DEBUG o.a.j.r.rulesys.FBRuleInfGraph - addBRule: Adding rule [ (?a rdf:type rdf:Property) -> (?a rdf:type rdfs:Resource) ]
2024-02-04 12:09:29 [main] DEBUG o.a.j.r.rulesys.FBRuleInfGraph - addBRule: Adding rule [ (?x rdf:rest ?y) -> (?x rdf:type rdf:List) ]
2024-02-04 12:09:29 [main] DEBUG o.a.j.r.rulesys.FBRuleInfGraph - addBRule: Adding rule [ (?x rdf:first ?y) -> (?x rdf:type rdf:List) ]
2024-02-04 12:09:29 [main] DEBUG o.a.j.r.rulesys.FBRuleInfGraph - addBRule: Adding rule [ (?x rdf:object ?y) -> (?x rdf:type rdf:Statement) ]
2024-02-04 12:09:29 [main] DEBUG o.a.j.r.rulesys.FBRuleInfGraph - addBRule: Adding rule [ (?x rdf:predicate ?y) -> (?x rdf:type rdf:Statement) ]
2024-02-04 12:09:29 [main] DEBUG o.a.j.r.rulesys.FBRuleInfGraph - addBRule: Adding rule [ (?x rdf:subject ?y) -> (?x rdf:type rdf:Statement) ]
2024-02-04 12:09:29 [main] DEBUG o.a.j.r.rulesys.FBRuleInfGraph - addBRule: Adding rule [ (?x rdfs:range ?y) -> (?x rdf:type rdf:Property) ]
2024-02-04 12:09:29 [main] DEBUG o.a.j.r.rulesys.FBRuleInfGraph - addBRule: Adding rule [ (?x rdfs:domain ?y) -> (?x rdf:type rdf:Property) ]
2024-02-04 12:09:29 [main] DEBUG o.a.j.r.rulesys.FBRuleInfGraph - addBRule: Adding rule [ (?x rdfs:subClassOf ?y) -> (?x rdf:type rdfs:Class) ]
2024-02-04 12:09:29 [main] DEBUG o.a.j.r.rulesys.FBRuleInfGraph - addBRule: Adding rule [ (?x rdfs:subPropertyOf ?y) -> (?x rdf:type rdf:Property) ]
2024-02-04 12:09:29 [main] DEBUG o.a.j.r.rulesys.FBRuleInfGraph - addBRule: Adding rule [ (?a rdf:type rdf:Statement) -> (?a rdf:type rdfs:Resource) ]
2024-02-04 12:09:29 [main] DEBUG o.a.j.r.rulesys.FBRuleInfGraph - addBRule: Adding rule [ (?a rdf:type rdfs:Literal) -> (?a rdf:type rdfs:Resource) ]
2024-02-04 12:09:29 [main] DEBUG o.a.j.r.rulesys.FBRuleInfGraph - addBRule: Adding rule [ (?x rdf:type ?y) notFunctor(?y) -> (?y rdf:type rdfs:Class) ]
2024-02-04 12:09:29 [main] DEBUG o.a.j.r.rulesys.FBRuleInfGraph - addBRule: Adding rule [ (?x <http://example.org/worksAt> ?y) -> (?x rdf:type owl:Thing) ]
2024-02-04 12:09:29 [main] DEBUG o.a.j.r.rulesys.FBRuleInfGraph - addBRule: Adding rule [ (?x <http://example.org/worksAt> ?y) -> (?x rdf:type <http://example.org/Employee>) ]
2024-02-04 12:09:29 [main] DEBUG o.a.j.r.rulesys.FBRuleInfGraph - addBRule: Adding rule [ (?a rdf:type <http://example.org/Employee>) -> (?a rdf:type rdfs:Resource) ]
2024-02-04 12:09:29 [main] DEBUG o.a.j.r.rulesys.FBRuleInfGraph - addBRule: Adding rule [ (?x <http://example.org/worksAt> ?y) notFunctor(?y) -> (?y rdf:type owl:Thing) ]
2024-02-04 12:09:29 [main] DEBUG o.a.j.r.rulesys.FBRuleInfGraph - addBRule: Adding rule [ prototype2b: (75081b93-c9d8-427d-b2be-3382bdc96f82 rdf:type ?d) -> (<http://example.org/Employee> rdfs:subClassOf ?d) ]
2024-02-04 12:09:29 [main] DEBUG o.a.j.r.rulesys.FBRuleInfGraph - addBRule: Adding rule [ (?a rdf:type <http://example.org/Employee>) -> (?a rdf:type owl:Thing) ]
2024-02-04 12:09:29 [main] DEBUG o.a.j.r.rulesys.FBRuleInfGraph - addBRule: Adding rule [ (?a rdf:type <http://example.org/Employee>) -> (?a rdf:type <http://example.org/Person>) ]
2024-02-04 12:09:29 [main] DEBUG o.a.j.r.rulesys.FBRuleInfGraph - addBRule: Adding rule [ prototype2b: (35e60006-2939-4c88-b172-40b3f81db9e7 rdf:type ?d) -> (<http://example.org/Person> rdfs:subClassOf ?d) ]
2024-02-04 12:09:29 [main] DEBUG o.a.j.r.rulesys.FBRuleInfGraph - addBRule: Adding rule [ (?a rdf:type <http://example.org/Person>) -> (?a rdf:type rdfs:Resource) ]
2024-02-04 12:09:29 [main] DEBUG o.a.j.r.rulesys.FBRuleInfGraph - addBRule: Adding rule [ (?a rdf:type <http://example.org/Person>) -> (?a rdf:type owl:Thing) ]
2024-02-04 12:09:29 [main] DEBUG o.a.j.r.rulesys.FBRuleInfGraph - addBRule: Adding rule [ (?a rdf:type <http://example.org/Person>) -> (?a rdf:type <http://example.org/Human>) ]
2024-02-04 12:09:29 [main] DEBUG o.a.j.r.rulesys.FBRuleInfGraph - addBRule: Adding rule [ (?x <http://example.org/hasEmployee> ?y) notFunctor(?y) -> (?y rdf:type owl:Thing) ]
2024-02-04 12:09:29 [main] DEBUG o.a.j.r.rulesys.FBRuleInfGraph - addBRule: Adding rule [ inverseOf2b: (?Y <http://example.org/worksAt> ?X) -> (?X <http://example.org/hasEmployee> ?Y) ]
2024-02-04 12:09:29 [main] DEBUG o.a.j.r.rulesys.FBRuleInfGraph - addBRule: Adding rule [ inverseOf2b: (?Y <http://example.org/hasEmployee> ?X) -> (?X <http://example.org/worksAt> ?Y) ]
2024-02-04 12:09:29 [main] DEBUG o.a.j.r.rulesys.FBRuleInfGraph - addBRule: Adding rule [ (?x <http://example.org/hasEmployee> ?y) -> (?x rdf:type owl:Thing) ]
2024-02-04 12:09:29 [main] DEBUG o.a.j.r.rulesys.FBRuleInfGraph - addBRule: Adding rule [ (?x <http://example.org/hasEmployee> ?y) notFunctor(?y) -> (?y rdf:type <http://example.org/Employee>) ]
2024-02-04 12:16:33 [main] DEBUG o.a.j.r.s.stream.JenaIOEnvironment - createLocationMapper: Failed to find configuration: location-mapping.ttl;location-mapping.rdf;etc/location-mapping.rdf;etc/location-mapping.ttl
2024-02-04 12:16:33 [main] DEBUG o.a.j.r.system.stream.StreamManager - mapURI: Not mapped: src/main/resources/owlMovieSchema.ttl
2024-02-04 12:16:33 [main] DEBUG o.a.j.r.system.stream.StreamManager - openNoMapOrNull: Found: src/main/resources/owlMovieSchema.ttl (LocatorFile)
2024-02-04 12:16:33 [main] DEBUG o.a.j.r.system.stream.StreamManager - mapURI: Not mapped: src/main/resources/owlMovieData.ttl
2024-02-04 12:16:33 [main] DEBUG o.a.j.r.system.stream.StreamManager - openNoMapOrNull: Found: src/main/resources/owlMovieData.ttl (LocatorFile)
2024-02-04 12:16:34 [main] DEBUG o.a.j.r.rulesys.FBRuleInfGraph - addBRule: Adding rule [ (?a rdf:type xsd:integer) -> (?a rdf:type xsd:decimal) ]
2024-02-04 12:16:34 [main] DEBUG o.a.j.r.rulesys.FBRuleInfGraph - addBRule: Adding rule [ (?x owl:intersectionOf ?y) -> (?x rdf:type owl:Class) ]
2024-02-04 12:16:34 [main] DEBUG o.a.j.r.rulesys.FBRuleInfGraph - addBRule: Adding rule [ (?a rdf:type owl:Class) -> (?a rdf:type rdfs:Resource) ]
2024-02-04 12:16:34 [main] DEBUG o.a.j.r.rulesys.FBRuleInfGraph - addBRule: Adding rule [ symmetricProperty1b: (?Y owl:disjointWith ?X) -> (?X owl:disjointWith ?Y) ]
2024-02-04 12:16:34 [main] DEBUG o.a.j.r.rulesys.FBRuleInfGraph - addBRule: Adding rule [ symmetricProperty1b: (?Y owl:differentFrom ?X) -> (?X owl:differentFrom ?Y) ]
2024-02-04 12:16:34 [main] DEBUG o.a.j.r.rulesys.FBRuleInfGraph - addBRule: Adding rule [ (?x owl:incompatibleWith ?y) notFunctor(?y) -> (?y rdf:type owl:Ontology) ]
2024-02-04 12:16:34 [main] DEBUG o.a.j.r.rulesys.FBRuleInfGraph - addBRule: Adding rule [ (?a rdf:type owl:Ontology) -> (?a rdf:type rdfs:Resource) ]
2024-02-04 12:16:34 [main] DEBUG o.a.j.r.rulesys.FBRuleInfGraph - addBRule: Adding rule [ (?x owl:incompatibleWith ?y) -> (?x rdf:type owl:Ontology) ]
2024-02-04 12:16:34 [main] DEBUG o.a.j.r.rulesys.FBRuleInfGraph - addBRule: Adding rule [ (?x owl:backwardCompatibleWith ?y) notFunctor(?y) -> (?y rdf:type owl:Ontology) ]
2024-02-04 12:16:34 [main] DEBUG o.a.j.r.rulesys.FBRuleInfGraph - addBRule: Adding rule [ (?x owl:backwardCompatibleWith ?y) -> (?x rdf:type owl:Ontology) ]
2024-02-04 12:16:34 [main] DEBUG o.a.j.r.rulesys.FBRuleInfGraph - addBRule: Adding rule [ (?x owl:priorVersion ?y) notFunctor(?y) -> (?y rdf:type owl:Ontology) ]
2024-02-04 12:16:34 [main] DEBUG o.a.j.r.rulesys.FBRuleInfGraph - addBRule: Adding rule [ (?x owl:priorVersion ?y) -> (?x rdf:type owl:Ontology) ]
2024-02-04 12:16:34 [main] DEBUG o.a.j.r.rulesys.FBRuleInfGraph - addBRule: Adding rule [ (?x owl:imports ?y) notFunctor(?y) -> (?y rdf:type owl:Ontology) ]
2024-02-04 12:16:34 [main] DEBUG o.a.j.r.rulesys.FBRuleInfGraph - addBRule: Adding rule [ (?x owl:imports ?y) -> (?x rdf:type owl:Ontology) ]
2024-02-04 12:16:34 [main] DEBUG o.a.j.r.rulesys.FBRuleInfGraph - addBRule: Adding rule [ (?a rdf:type owl:OntologyProperty) -> (?a rdf:type rdf:Property) ]
2024-02-04 12:16:34 [main] DEBUG o.a.j.r.rulesys.FBRuleInfGraph - addBRule: Adding rule [ (?x owl:onProperty ?y) notFunctor(?y) -> (?y rdf:type owl:Property) ]
2024-02-04 12:16:34 [main] DEBUG o.a.j.r.rulesys.FBRuleInfGraph - addBRule: Adding rule [ (?a rdf:type owl:Property) -> (?a rdf:type rdfs:Resource) ]
2024-02-04 12:16:34 [main] DEBUG o.a.j.r.rulesys.FBRuleInfGraph - addBRule: Adding rule [ (?x owl:onProperty ?y) -> (?x rdf:type owl:Restriction) ]
2024-02-04 12:16:34 [main] DEBUG o.a.j.r.rulesys.FBRuleInfGraph - addBRule: Adding rule [ (?a rdf:type owl:Restriction) -> (?a rdf:type rdfs:Resource) ]
2024-02-04 12:16:34 [main] DEBUG o.a.j.r.rulesys.FBRuleInfGraph - addBRule: Adding rule [ symmetricProperty1b: (?Y owl:sameAs ?X) -> (?X owl:sameAs ?Y) ]
2024-02-04 12:16:34 [main] DEBUG o.a.j.r.rulesys.FBRuleInfGraph - addBRule: Adding rule [ (?x owl:disjointWith ?y) notFunctor(?y) -> (?y rdf:type owl:Class) ]
2024-02-04 12:16:34 [main] DEBUG o.a.j.r.rulesys.FBRuleInfGraph - addBRule: Adding rule [ (?x owl:disjointWith ?y) -> (?x rdf:type owl:Class) ]
2024-02-04 12:16:34 [main] DEBUG o.a.j.r.rulesys.FBRuleInfGraph - addBRule: Adding rule [ (?x owl:equivalentClass ?y) notFunctor(?y) -> (?y rdf:type owl:Class) ]
2024-02-04 12:16:34 [main] DEBUG o.a.j.r.rulesys.FBRuleInfGraph - addBRule: Adding rule [ (?x owl:equivalentClass ?y) -> (?x rdf:type owl:Class) ]
2024-02-04 12:16:34 [main] DEBUG o.a.j.r.rulesys.FBRuleInfGraph - addBRule: Adding rule [ (?a rdf:type owl:Nothing) -> (?a rdf:type rdfs:Resource) ]
2024-02-04 12:16:34 [main] DEBUG o.a.j.r.rulesys.FBRuleInfGraph - addBRule: Adding rule [ (?a rdf:type owl:Nothing) -> (?a rdf:type owl:Thing) ]
2024-02-04 12:16:34 [main] DEBUG o.a.j.r.rulesys.FBRuleInfGraph - addBRule: Adding rule [ prototype2b: (988285d5-3149-4a1d-844f-2dccad3b0004 rdf:type ?d) -> (owl:Thing rdfs:subClassOf ?d) ]
2024-02-04 12:16:34 [main] DEBUG o.a.j.r.rulesys.FBRuleInfGraph - addBRule: Adding rule [ (?a rdf:type owl:Thing) -> (?a rdf:type rdfs:Resource) ]
2024-02-04 12:16:34 [main] DEBUG o.a.j.r.rulesys.FBRuleInfGraph - addBRule: Adding rule [ (?a rdf:type owl:Restriction) -> (?a rdf:type owl:Class) ]
2024-02-04 12:16:34 [main] DEBUG o.a.j.r.rulesys.FBRuleInfGraph - addBRule: Adding rule [ (?a rdf:type owl:Class) -> (?a rdf:type rdfs:Class) ]
2024-02-04 12:16:34 [main] DEBUG o.a.j.r.rulesys.FBRuleInfGraph - addBRule: Adding rule [ (?x owl:oneOf ?y) -> (?x rdf:type owl:Class) ]
2024-02-04 12:16:34 [main] DEBUG o.a.j.r.rulesys.FBRuleInfGraph - addBRule: Adding rule [ (?a rdf:type owl:SymmetricProperty) -> (?a rdf:type owl:ObjectProperty) ]
2024-02-04 12:16:34 [main] DEBUG o.a.j.r.rulesys.FBRuleInfGraph - addBRule: Adding rule [ (?a rdf:type owl:TransitiveProperty) -> (?a rdf:type owl:ObjectProperty) ]
2024-02-04 12:16:34 [main] DEBUG o.a.j.r.rulesys.FBRuleInfGraph - addBRule: Adding rule [ (?a rdf:type owl:InverseFunctionalProperty) -> (?a rdf:type owl:ObjectProperty) ]
2024-02-04 12:16:34 [main] DEBUG o.a.j.r.rulesys.FBRuleInfGraph - addBRule: Adding rule [ (?a rdf:type owl:DatatypeProperty) -> (?a rdf:type rdf:Property) ]
2024-02-04 12:16:34 [main] DEBUG o.a.j.r.rulesys.FBRuleInfGraph - addBRule: Adding rule [ (?a rdf:type owl:ObjectProperty) -> (?a rdf:type rdf:Property) ]
2024-02-04 12:16:34 [main] DEBUG o.a.j.r.rulesys.FBRuleInfGraph - addBRule: Adding rule [ (?a rdf:type owl:FunctionalProperty) -> (?a rdf:type rdf:Property) ]
2024-02-04 12:16:34 [main] DEBUG o.a.j.r.rulesys.FBRuleInfGraph - addBRule: Adding rule [ (?a rdf:type rdfs:Datatype) -> (?a rdf:type rdfs:Class) ]
2024-02-04 12:16:34 [main] DEBUG o.a.j.r.rulesys.FBRuleInfGraph - addBRule: Adding rule [ (?a rdfs:isDefinedBy ?b) -> (?a rdfs:seeAlso ?b) ]
2024-02-04 12:16:34 [main] DEBUG o.a.j.r.rulesys.FBRuleInfGraph - addBRule: Adding rule [ (?a rdf:type rdfs:ContainerMembershipProperty) -> (?a rdf:type rdf:Property) ]
2024-02-04 12:16:34 [main] DEBUG o.a.j.r.rulesys.FBRuleInfGraph - addBRule: Adding rule [ (?a rdf:type rdf:Seq) -> (?a rdf:type rdfs:Container) ]
2024-02-04 12:16:34 [main] DEBUG o.a.j.r.rulesys.FBRuleInfGraph - addBRule: Adding rule [ (?a rdf:type rdf:Bag) -> (?a rdf:type rdfs:Container) ]
2024-02-04 12:16:34 [main] DEBUG o.a.j.r.rulesys.FBRuleInfGraph - addBRule: Adding rule [ (?a rdf:type rdf:Alt) -> (?a rdf:type rdfs:Container) ]
2024-02-04 12:16:34 [main] DEBUG o.a.j.r.rulesys.FBRuleInfGraph - addBRule: Adding rule [ (?x rdf:rest ?y) notFunctor(?y) -> (?y rdf:type rdf:List) ]
2024-02-04 12:16:34 [main] DEBUG o.a.j.r.rulesys.FBRuleInfGraph - addBRule: Adding rule [ (?a rdf:type rdf:List) -> (?a rdf:type rdfs:Resource) ]
2024-02-04 12:16:34 [main] DEBUG o.a.j.r.rulesys.FBRuleInfGraph - addBRule: Adding rule [ (?x rdfs:range ?y) notFunctor(?y) -> (?y rdf:type rdfs:Class) ]
2024-02-04 12:16:34 [main] DEBUG o.a.j.r.rulesys.FBRuleInfGraph - addBRule: Adding rule [ (?a rdf:type rdfs:Class) -> (?a rdf:type rdfs:Resource) ]
2024-02-04 12:16:34 [main] DEBUG o.a.j.r.rulesys.FBRuleInfGraph - addBRule: Adding rule [ (?x rdfs:domain ?y) notFunctor(?y) -> (?y rdf:type rdfs:Class) ]
2024-02-04 12:16:34 [main] DEBUG o.a.j.r.rulesys.FBRuleInfGraph - addBRule: Adding rule [ (?x rdfs:subClassOf ?y) notFunctor(?y) -> (?y rdf:type rdfs:Class) ]
2024-02-04 12:16:34 [main] DEBUG o.a.j.r.rulesys.FBRuleInfGraph - addBRule: Adding rule [ (?x rdfs:subPropertyOf ?y) notFunctor(?y) -> (?y rdf:type rdf:Property) ]
2024-02-04 12:16:34 [main] DEBUG o.a.j.r.rulesys.FBRuleInfGraph - addBRule: Adding rule [ (?a rdf:type rdf:Property) -> (?a rdf:type rdfs:Resource) ]
2024-02-04 12:16:34 [main] DEBUG o.a.j.r.rulesys.FBRuleInfGraph - addBRule: Adding rule [ (?x rdf:rest ?y) -> (?x rdf:type rdf:List) ]
2024-02-04 12:16:34 [main] DEBUG o.a.j.r.rulesys.FBRuleInfGraph - addBRule: Adding rule [ (?x rdf:first ?y) -> (?x rdf:type rdf:List) ]
2024-02-04 12:16:34 [main] DEBUG o.a.j.r.rulesys.FBRuleInfGraph - addBRule: Adding rule [ (?x rdf:object ?y) -> (?x rdf:type rdf:Statement) ]
2024-02-04 12:16:34 [main] DEBUG o.a.j.r.rulesys.FBRuleInfGraph - addBRule: Adding rule [ (?x rdf:predicate ?y) -> (?x rdf:type rdf:Statement) ]
2024-02-04 12:16:34 [main] DEBUG o.a.j.r.rulesys.FBRuleInfGraph - addBRule: Adding rule [ (?x rdf:subject ?y) -> (?x rdf:type rdf:Statement) ]
2024-02-04 12:16:34 [main] DEBUG o.a.j.r.rulesys.FBRuleInfGraph - addBRule: Adding rule [ (?x rdfs:range ?y) -> (?x rdf:type rdf:Property) ]
2024-02-04 12:16:34 [main] DEBUG o.a.j.r.rulesys.FBRuleInfGraph - addBRule: Adding rule [ (?x rdfs:domain ?y) -> (?x rdf:type rdf:Property) ]
2024-02-04 12:16:34 [main] DEBUG o.a.j.r.rulesys.FBRuleInfGraph - addBRule: Adding rule [ (?x rdfs:subClassOf ?y) -> (?x rdf:type rdfs:Class) ]
2024-02-04 12:16:34 [main] DEBUG o.a.j.r.rulesys.FBRuleInfGraph - addBRule: Adding rule [ (?x rdfs:subPropertyOf ?y) -> (?x rdf:type rdf:Property) ]
2024-02-04 12:16:34 [main] DEBUG o.a.j.r.rulesys.FBRuleInfGraph - addBRule: Adding rule [ (?a rdf:type rdf:Statement) -> (?a rdf:type rdfs:Resource) ]
2024-02-04 12:16:34 [main] DEBUG o.a.j.r.rulesys.FBRuleInfGraph - addBRule: Adding rule [ (?a rdf:type rdfs:Literal) -> (?a rdf:type rdfs:Resource) ]
2024-02-04 12:16:34 [main] DEBUG o.a.j.r.rulesys.FBRuleInfGraph - addBRule: Adding rule [ (?x rdf:type ?y) notFunctor(?y) -> (?y rdf:type rdfs:Class) ]
2024-02-04 12:16:34 [main] DEBUG o.a.j.r.rulesys.FBRuleInfGraph - addBRule: Adding rule [ (?a rdf:type <http://www.lirmm.fr/ulliana/movies#Director>) -> (?a rdf:type <http://www.lirmm.fr/ulliana/movies#Artist>) ]
2024-02-04 12:16:34 [main] DEBUG o.a.j.r.rulesys.FBRuleInfGraph - addBRule: Adding rule [ (?x <http://www.lirmm.fr/ulliana/movies#playsIn> ?y) -> (?x rdf:type <http://www.lirmm.fr/ulliana/movies#Actor>) ]
2024-02-04 12:16:34 [main] DEBUG o.a.j.r.rulesys.FBRuleInfGraph - addBRule: Adding rule [ (?a rdf:type <http://www.lirmm.fr/ulliana/movies#Actor>) -> (?a rdf:type rdfs:Resource) ]
2024-02-04 12:16:34 [main] DEBUG o.a.j.r.rulesys.FBRuleInfGraph - addBRule: Adding rule [ (?x <http://www.lirmm.fr/ulliana/movies#playsIn> ?y) notFunctor(?y) -> (?y rdf:type <http://www.lirmm.fr/ulliana/movies#Movie>) ]
2024-02-04 12:16:34 [main] DEBUG o.a.j.r.rulesys.FBRuleInfGraph - addBRule: Adding rule [ (?a rdf:type <http://www.lirmm.fr/ulliana/movies#Movie>) -> (?a rdf:type rdfs:Resource) ]
2024-02-04 12:16:34 [main] DEBUG o.a.j.r.rulesys.FBRuleInfGraph - addBRule: Adding rule [ (?a rdf:type <http://www.lirmm.fr/ulliana/movies#Actor>) -> (?a rdf:type <http://www.lirmm.fr/ulliana/movies#Artist>) ]
2024-02-04 12:16:34 [main] DEBUG o.a.j.r.rulesys.FBRuleInfGraph - addBRule: Adding rule [ (?x <http://www.lirmm.fr/ulliana/movies#directedBy> ?y) -> (?x rdf:type <http://www.lirmm.fr/ulliana/movies#Movie>) ]
2024-02-04 12:16:34 [main] DEBUG o.a.j.r.rulesys.FBRuleInfGraph - addBRule: Adding rule [ (?x <http://www.lirmm.fr/ulliana/movies#directedBy> ?y) notFunctor(?y) -> (?y rdf:type <http://www.lirmm.fr/ulliana/movies#Director>) ]
2024-02-04 12:16:34 [main] DEBUG o.a.j.r.rulesys.FBRuleInfGraph - addBRule: Adding rule [ (?a rdf:type <http://www.lirmm.fr/ulliana/movies#Director>) -> (?a rdf:type rdfs:Resource) ]
2024-02-04 12:16:34 [main] DEBUG o.a.j.r.rulesys.FBRuleInfGraph - addBRule: Adding rule [ (?x <http://www.lirmm.fr/ulliana/movies#title> ?y) -> (?x rdf:type <http://www.lirmm.fr/ulliana/movies#Movie>) ]
2024-02-04 14:27:48 [main] DEBUG o.a.j.r.s.stream.JenaIOEnvironment - createLocationMapper: Failed to find configuration: location-mapping.ttl;location-mapping.rdf;etc/location-mapping.rdf;etc/location-mapping.ttl
2024-02-04 14:27:49 [main] DEBUG o.a.j.r.system.stream.StreamManager - mapURI: Not mapped: src/main/resources/owlMovieSchema.ttl
2024-02-04 14:27:49 [main] DEBUG o.a.j.r.system.stream.StreamManager - openNoMapOrNull: Found: src/main/resources/owlMovieSchema.ttl (LocatorFile)
2024-02-04 14:27:49 [main] ERROR org.apache.jena.riot - logError: [line: 22, col: 38] Undefined prefix: foaf
2024-02-04 14:28:39 [main] DEBUG o.a.j.r.s.stream.JenaIOEnvironment - createLocationMapper: Failed to find configuration: location-mapping.ttl;location-mapping.rdf;etc/location-mapping.rdf;etc/location-mapping.ttl
2024-02-04 14:28:40 [main] DEBUG o.a.j.r.system.stream.StreamManager - mapURI: Not mapped: src/main/resources/owlMovieSchema.ttl
2024-02-04 14:28:40 [main] DEBUG o.a.j.r.system.stream.StreamManager - openNoMapOrNull: Found: src/main/resources/owlMovieSchema.ttl (LocatorFile)
2024-02-04 14:28:40 [main] DEBUG o.a.j.r.system.stream.StreamManager - mapURI: Not mapped: src/main/resources/owlMovieData.ttl
2024-02-04 14:28:40 [main] DEBUG o.a.j.r.system.stream.StreamManager - openNoMapOrNull: Found: src/main/resources/owlMovieData.ttl (LocatorFile)
2024-02-04 14:28:40 [main] DEBUG o.a.j.r.rulesys.FBRuleInfGraph - addBRule: Adding rule [ (?a rdf:type xsd:integer) -> (?a rdf:type xsd:decimal) ]
2024-02-04 14:28:40 [main] DEBUG o.a.j.r.rulesys.FBRuleInfGraph - addBRule: Adding rule [ (?x owl:intersectionOf ?y) -> (?x rdf:type owl:Class) ]
2024-02-04 14:28:40 [main] DEBUG o.a.j.r.rulesys.FBRuleInfGraph - addBRule: Adding rule [ (?a rdf:type owl:Class) -> (?a rdf:type rdfs:Resource) ]
2024-02-04 14:28:40 [main] DEBUG o.a.j.r.rulesys.FBRuleInfGraph - addBRule: Adding rule [ symmetricProperty1b: (?Y owl:disjointWith ?X) -> (?X owl:disjointWith ?Y) ]
2024-02-04 14:28:40 [main] DEBUG o.a.j.r.rulesys.FBRuleInfGraph - addBRule: Adding rule [ symmetricProperty1b: (?Y owl:differentFrom ?X) -> (?X owl:differentFrom ?Y) ]
2024-02-04 14:28:40 [main] DEBUG o.a.j.r.rulesys.FBRuleInfGraph - addBRule: Adding rule [ (?x owl:incompatibleWith ?y) notFunctor(?y) -> (?y rdf:type owl:Ontology) ]
2024-02-04 14:28:40 [main] DEBUG o.a.j.r.rulesys.FBRuleInfGraph - addBRule: Adding rule [ (?a rdf:type owl:Ontology) -> (?a rdf:type rdfs:Resource) ]
2024-02-04 14:28:40 [main] DEBUG o.a.j.r.rulesys.FBRuleInfGraph - addBRule: Adding rule [ (?x owl:incompatibleWith ?y) -> (?x rdf:type owl:Ontology) ]
2024-02-04 14:28:40 [main] DEBUG o.a.j.r.rulesys.FBRuleInfGraph - addBRule: Adding rule [ (?x owl:backwardCompatibleWith ?y) notFunctor(?y) -> (?y rdf:type owl:Ontology) ]
2024-02-04 14:28:40 [main] DEBUG o.a.j.r.rulesys.FBRuleInfGraph - addBRule: Adding rule [ (?x owl:backwardCompatibleWith ?y) -> (?x rdf:type owl:Ontology) ]
2024-02-04 14:28:40 [main] DEBUG o.a.j.r.rulesys.FBRuleInfGraph - addBRule: Adding rule [ (?x owl:priorVersion ?y) notFunctor(?y) -> (?y rdf:type owl:Ontology) ]
2024-02-04 14:28:40 [main] DEBUG o.a.j.r.rulesys.FBRuleInfGraph - addBRule: Adding rule [ (?x owl:priorVersion ?y) -> (?x rdf:type owl:Ontology) ]
2024-02-04 14:28:40 [main] DEBUG o.a.j.r.rulesys.FBRuleInfGraph - addBRule: Adding rule [ (?x owl:imports ?y) notFunctor(?y) -> (?y rdf:type owl:Ontology) ]
2024-02-04 14:28:40 [main] DEBUG o.a.j.r.rulesys.FBRuleInfGraph - addBRule: Adding rule [ (?x owl:imports ?y) -> (?x rdf:type owl:Ontology) ]
2024-02-04 14:28:40 [main] DEBUG o.a.j.r.rulesys.FBRuleInfGraph - addBRule: Adding rule [ (?a rdf:type owl:OntologyProperty) -> (?a rdf:type rdf:Property) ]
2024-02-04 14:28:40 [main] DEBUG o.a.j.r.rulesys.FBRuleInfGraph - addBRule: Adding rule [ (?x owl:onProperty ?y) notFunctor(?y) -> (?y rdf:type owl:Property) ]
2024-02-04 14:28:40 [main] DEBUG o.a.j.r.rulesys.FBRuleInfGraph - addBRule: Adding rule [ (?a rdf:type owl:Property) -> (?a rdf:type rdfs:Resource) ]
2024-02-04 14:28:40 [main] DEBUG o.a.j.r.rulesys.FBRuleInfGraph - addBRule: Adding rule [ (?x owl:onProperty ?y) -> (?x rdf:type owl:Restriction) ]
2024-02-04 14:28:40 [main] DEBUG o.a.j.r.rulesys.FBRuleInfGraph - addBRule: Adding rule [ (?a rdf:type owl:Restriction) -> (?a rdf:type rdfs:Resource) ]
2024-02-04 14:28:40 [main] DEBUG o.a.j.r.rulesys.FBRuleInfGraph - addBRule: Adding rule [ symmetricProperty1b: (?Y owl:sameAs ?X) -> (?X owl:sameAs ?Y) ]
2024-02-04 14:28:40 [main] DEBUG o.a.j.r.rulesys.FBRuleInfGraph - addBRule: Adding rule [ (?x owl:disjointWith ?y) notFunctor(?y) -> (?y rdf:type owl:Class) ]
2024-02-04 14:28:40 [main] DEBUG o.a.j.r.rulesys.FBRuleInfGraph - addBRule: Adding rule [ (?x owl:disjointWith ?y) -> (?x rdf:type owl:Class) ]
2024-02-04 14:28:40 [main] DEBUG o.a.j.r.rulesys.FBRuleInfGraph - addBRule: Adding rule [ (?x owl:equivalentClass ?y) notFunctor(?y) -> (?y rdf:type owl:Class) ]
2024-02-04 14:28:40 [main] DEBUG o.a.j.r.rulesys.FBRuleInfGraph - addBRule: Adding rule [ (?x owl:equivalentClass ?y) -> (?x rdf:type owl:Class) ]
2024-02-04 14:28:40 [main] DEBUG o.a.j.r.rulesys.FBRuleInfGraph - addBRule: Adding rule [ (?a rdf:type owl:Nothing) -> (?a rdf:type rdfs:Resource) ]
2024-02-04 14:28:40 [main] DEBUG o.a.j.r.rulesys.FBRuleInfGraph - addBRule: Adding rule [ (?a rdf:type owl:Nothing) -> (?a rdf:type owl:Thing) ]
2024-02-04 14:28:40 [main] DEBUG o.a.j.r.rulesys.FBRuleInfGraph - addBRule: Adding rule [ prototype2b: (0a29cf8a-a686-4dfe-a45d-5c44421a0712 rdf:type ?d) -> (owl:Thing rdfs:subClassOf ?d) ]
2024-02-04 14:28:40 [main] DEBUG o.a.j.r.rulesys.FBRuleInfGraph - addBRule: Adding rule [ (?a rdf:type owl:Thing) -> (?a rdf:type rdfs:Resource) ]
2024-02-04 14:28:40 [main] DEBUG o.a.j.r.rulesys.FBRuleInfGraph - addBRule: Adding rule [ (?a rdf:type owl:Restriction) -> (?a rdf:type owl:Class) ]
2024-02-04 14:28:40 [main] DEBUG o.a.j.r.rulesys.FBRuleInfGraph - addBRule: Adding rule [ (?a rdf:type owl:Class) -> (?a rdf:type rdfs:Class) ]
2024-02-04 14:28:40 [main] DEBUG o.a.j.r.rulesys.FBRuleInfGraph - addBRule: Adding rule [ (?x owl:oneOf ?y) -> (?x rdf:type owl:Class) ]
2024-02-04 14:28:40 [main] DEBUG o.a.j.r.rulesys.FBRuleInfGraph - addBRule: Adding rule [ (?a rdf:type owl:SymmetricProperty) -> (?a rdf:type owl:ObjectProperty) ]
2024-02-04 14:28:41 [main] DEBUG o.a.j.r.rulesys.FBRuleInfGraph - addBRule: Adding rule [ (?a rdf:type owl:TransitiveProperty) -> (?a rdf:type owl:ObjectProperty) ]
2024-02-04 14:28:41 [main] DEBUG o.a.j.r.rulesys.FBRuleInfGraph - addBRule: Adding rule [ (?a rdf:type owl:InverseFunctionalProperty) -> (?a rdf:type owl:ObjectProperty) ]
2024-02-04 14:28:41 [main] DEBUG o.a.j.r.rulesys.FBRuleInfGraph - addBRule: Adding rule [ (?a rdf:type owl:DatatypeProperty) -> (?a rdf:type rdf:Property) ]
2024-02-04 14:28:41 [main] DEBUG o.a.j.r.rulesys.FBRuleInfGraph - addBRule: Adding rule [ (?a rdf:type owl:ObjectProperty) -> (?a rdf:type rdf:Property) ]
2024-02-04 14:28:41 [main] DEBUG o.a.j.r.rulesys.FBRuleInfGraph - addBRule: Adding rule [ (?a rdf:type owl:FunctionalProperty) -> (?a rdf:type rdf:Property) ]
2024-02-04 14:28:41 [main] DEBUG o.a.j.r.rulesys.FBRuleInfGraph - addBRule: Adding rule [ (?a rdf:type rdfs:Datatype) -> (?a rdf:type rdfs:Class) ]
2024-02-04 14:28:41 [main] DEBUG o.a.j.r.rulesys.FBRuleInfGraph - addBRule: Adding rule [ (?a rdfs:isDefinedBy ?b) -> (?a rdfs:seeAlso ?b) ]
2024-02-04 14:28:41 [main] DEBUG o.a.j.r.rulesys.FBRuleInfGraph - addBRule: Adding rule [ (?a rdf:type rdfs:ContainerMembershipProperty) -> (?a rdf:type rdf:Property) ]
2024-02-04 14:28:41 [main] DEBUG o.a.j.r.rulesys.FBRuleInfGraph - addBRule: Adding rule [ (?a rdf:type rdf:Seq) -> (?a rdf:type rdfs:Container) ]
2024-02-04 14:28:41 [main] DEBUG o.a.j.r.rulesys.FBRuleInfGraph - addBRule: Adding rule [ (?a rdf:type rdf:Bag) -> (?a rdf:type rdfs:Container) ]
2024-02-04 14:28:41 [main] DEBUG o.a.j.r.rulesys.FBRuleInfGraph - addBRule: Adding rule [ (?a rdf:type rdf:Alt) -> (?a rdf:type rdfs:Container) ]
2024-02-04 14:28:41 [main] DEBUG o.a.j.r.rulesys.FBRuleInfGraph - addBRule: Adding rule [ (?x rdf:rest ?y) notFunctor(?y) -> (?y rdf:type rdf:List) ]
2024-02-04 14:28:41 [main] DEBUG o.a.j.r.rulesys.FBRuleInfGraph - addBRule: Adding rule [ (?a rdf:type rdf:List) -> (?a rdf:type rdfs:Resource) ]
2024-02-04 14:28:41 [main] DEBUG o.a.j.r.rulesys.FBRuleInfGraph - addBRule: Adding rule [ (?x rdfs:range ?y) notFunctor(?y) -> (?y rdf:type rdfs:Class) ]
2024-02-04 14:28:41 [main] DEBUG o.a.j.r.rulesys.FBRuleInfGraph - addBRule: Adding rule [ (?a rdf:type rdfs:Class) -> (?a rdf:type rdfs:Resource) ]
2024-02-04 14:28:41 [main] DEBUG o.a.j.r.rulesys.FBRuleInfGraph - addBRule: Adding rule [ (?x rdfs:domain ?y) notFunctor(?y) -> (?y rdf:type rdfs:Class) ]
2024-02-04 14:28:41 [main] DEBUG o.a.j.r.rulesys.FBRuleInfGraph - addBRule: Adding rule [ (?x rdfs:subClassOf ?y) notFunctor(?y) -> (?y rdf:type rdfs:Class) ]
2024-02-04 14:28:41 [main] DEBUG o.a.j.r.rulesys.FBRuleInfGraph - addBRule: Adding rule [ (?x rdfs:subPropertyOf ?y) notFunctor(?y) -> (?y rdf:type rdf:Property) ]
2024-02-04 14:28:41 [main] DEBUG o.a.j.r.rulesys.FBRuleInfGraph - addBRule: Adding rule [ (?a rdf:type rdf:Property) -> (?a rdf:type rdfs:Resource) ]
2024-02-04 14:28:41 [main] DEBUG o.a.j.r.rulesys.FBRuleInfGraph - addBRule: Adding rule [ (?x rdf:rest ?y) -> (?x rdf:type rdf:List) ]
2024-02-04 14:28:41 [main] DEBUG o.a.j.r.rulesys.FBRuleInfGraph - addBRule: Adding rule [ (?x rdf:first ?y) -> (?x rdf:type rdf:List) ]
2024-02-04 14:28:41 [main] DEBUG o.a.j.r.rulesys.FBRuleInfGraph - addBRule: Adding rule [ (?x rdf:object ?y) -> (?x rdf:type rdf:Statement) ]
2024-02-04 14:28:41 [main] DEBUG o.a.j.r.rulesys.FBRuleInfGraph - addBRule: Adding rule [ (?x rdf:predicate ?y) -> (?x rdf:type rdf:Statement) ]
2024-02-04 14:28:41 [main] DEBUG o.a.j.r.rulesys.FBRuleInfGraph - addBRule: Adding rule [ (?x rdf:subject ?y) -> (?x rdf:type rdf:Statement) ]
2024-02-04 14:28:41 [main] DEBUG o.a.j.r.rulesys.FBRuleInfGraph - addBRule: Adding rule [ (?x rdfs:range ?y) -> (?x rdf:type rdf:Property) ]
2024-02-04 14:28:41 [main] DEBUG o.a.j.r.rulesys.FBRuleInfGraph - addBRule: Adding rule [ (?x rdfs:domain ?y) -> (?x rdf:type rdf:Property) ]
2024-02-04 14:28:41 [main] DEBUG o.a.j.r.rulesys.FBRuleInfGraph - addBRule: Adding rule [ (?x rdfs:subClassOf ?y) -> (?x rdf:type rdfs:Class) ]
2024-02-04 14:28:41 [main] DEBUG o.a.j.r.rulesys.FBRuleInfGraph - addBRule: Adding rule [ (?x rdfs:subPropertyOf ?y) -> (?x rdf:type rdf:Property) ]
2024-02-04 14:28:41 [main] DEBUG o.a.j.r.rulesys.FBRuleInfGraph - addBRule: Adding rule [ (?a rdf:type rdf:Statement) -> (?a rdf:type rdfs:Resource) ]
2024-02-04 14:28:41 [main] DEBUG o.a.j.r.rulesys.FBRuleInfGraph - addBRule: Adding rule [ (?a rdf:type rdfs:Literal) -> (?a rdf:type rdfs:Resource) ]
2024-02-04 14:28:41 [main] DEBUG o.a.j.r.rulesys.FBRuleInfGraph - addBRule: Adding rule [ (?x rdf:type ?y) notFunctor(?y) -> (?y rdf:type rdfs:Class) ]
2024-02-04 14:28:41 [main] DEBUG o.a.j.r.rulesys.FBRuleInfGraph - addBRule: Adding rule [ (?a rdf:type <http://www.lirmm.fr/ulliana/movies#Director>) -> (?a rdf:type <http://www.lirmm.fr/ulliana/movies#Artist>) ]
2024-02-04 14:28:41 [main] DEBUG o.a.j.r.rulesys.FBRuleInfGraph - addBRule: Adding rule [ (?x <http://www.lirmm.fr/ulliana/movies#playsIn> ?y) -> (?x rdf:type <http://www.lirmm.fr/ulliana/movies#Actor>) ]
2024-02-04 14:28:41 [main] DEBUG o.a.j.r.rulesys.FBRuleInfGraph - addBRule: Adding rule [ (?a rdf:type <http://www.lirmm.fr/ulliana/movies#Actor>) -> (?a rdf:type rdfs:Resource) ]
2024-02-04 14:28:41 [main] DEBUG o.a.j.r.rulesys.FBRuleInfGraph - addBRule: Adding rule [ (?x <http://www.lirmm.fr/ulliana/movies#playsIn> ?y) notFunctor(?y) -> (?y rdf:type <http://www.lirmm.fr/ulliana/movies#Movie>) ]
2024-02-04 14:28:41 [main] DEBUG o.a.j.r.rulesys.FBRuleInfGraph - addBRule: Adding rule [ (?a rdf:type <http://www.lirmm.fr/ulliana/movies#Movie>) -> (?a rdf:type rdfs:Resource) ]
2024-02-04 14:28:41 [main] DEBUG o.a.j.r.rulesys.FBRuleInfGraph - addBRule: Adding rule [ (?a rdf:type <http://www.lirmm.fr/ulliana/movies#Actor>) -> (?a rdf:type <http://www.lirmm.fr/ulliana/movies#Artist>) ]
2024-02-04 14:28:41 [main] DEBUG o.a.j.r.rulesys.FBRuleInfGraph - addBRule: Adding rule [ (?x <http://www.lirmm.fr/ulliana/movies#directedBy> ?y) -> (?x rdf:type <http://www.lirmm.fr/ulliana/movies#Movie>) ]
2024-02-04 14:28:41 [main] DEBUG o.a.j.r.rulesys.FBRuleInfGraph - addBRule: Adding rule [ (?x <http://www.lirmm.fr/ulliana/movies#directedBy> ?y) notFunctor(?y) -> (?y rdf:type <http://www.lirmm.fr/ulliana/movies#Director>) ]
2024-02-04 14:28:41 [main] DEBUG o.a.j.r.rulesys.FBRuleInfGraph - addBRule: Adding rule [ (?a rdf:type <http://www.lirmm.fr/ulliana/movies#Director>) -> (?a rdf:type rdfs:Resource) ]
2024-02-04 14:28:41 [main] DEBUG o.a.j.r.rulesys.FBRuleInfGraph - addBRule: Adding rule [ (?x <http://www.lirmm.fr/ulliana/movies#title> ?y) -> (?x rdf:type <http://www.lirmm.fr/ulliana/movies#Movie>) ]
